                      :-) GROMACS - gmx mdrun, 2024.2 (-:

Copyright 1991-2024 The GROMACS Authors.
GROMACS is free software; you can redistribute it and/or modify it
under the terms of the GNU Lesser General Public License
as published by the Free Software Foundation; either version 2.1
of the License, or (at your option) any later version.

                         Current GROMACS contributors:
       Mark Abraham           Andrey Alekseenko           Vladimir Basov      
      Cathrine Bergh            Eliane Briand               Ania Brown        
      Mahesh Doijade            Giacomo Fiorin          Stefan Fleischmann    
      Sergey Gorelov         Gilles Gouaillardet            Alan Gray         
     M. Eric Irrgang         Farzaneh Jalalypour            Joe Jordan        
     Carsten Kutzner           Justin A. Lemkul          Magnus Lundborg      
       Pascal Merz              Vedran Miletic            Dmitry Morozov      
       Julien Nabet              Szilard Pall        Andrea Pasquadibisceglie 
    Michele Pellegrino          Hubert Santuz             Roland Schulz       
     Tatiana Shugaeva          Alexey Shvetsov            Philip Turner       
     Alessandra Villa      Sebastian Wingbermuehle  

                         Previous GROMACS contributors:
        Emile Apol             Rossen Apostolov           James Barnett       
        Paul Bauer          Herman J.C. Berendsen          Par Bjelkmar       
      Christian Blau          Viacheslav Bolnykh            Kevin Boyd        
    Aldert van Buuren          Carlo Camilloni           Rudi van Drunen      
      Anton Feenstra           Oliver Fleetwood            Vytas Gapsys       
       Gaurav Garg             Gerrit Groenhof            Bert de Groot       
      Anca Hamuraru           Vincent Hindriksen          Victor Holanda      
     Aleksei Iupinov          Christoph Junghans        Prashanth Kanduri     
   Dimitrios Karkoulis           Peter Kasson             Sebastian Kehl      
     Sebastian Keller             Jiri Kraus               Per Larsson        
      Viveca Lindahl            Erik Marklund           Pieter Meulenhoff     
      Teemu Murtola              Sander Pronk             Michael Shirts      
      Alfons Sijbers            Balint Soproni         David van der Spoel    
      Peter Tieleman            Carsten Uphoff             Jon Vincent        
     Teemu Virolainen         Christian Wennberg           Maarten Wolf       
      Artem Zhmurov       

                  Coordinated by the GROMACS project leaders:
                           Berk Hess and Erik Lindahl

GROMACS:      gmx mdrun, version 2024.2
Executable:   /usr/local/gromacs/bin/gmx
Data prefix:  /usr/local/gromacs
Working dir:  /home/ricardo/dropbox_local/viviane/FOTO/4_md
Process ID:   34323
Command line:
  gmx mdrun -deffnm step16 -v

GROMACS version:     2024.2
Precision:           mixed
Memory model:        64 bit
MPI library:         thread_mpi
OpenMP support:      enabled (GMX_OPENMP_MAX_THREADS = 128)
GPU support:         CUDA
NBNxM GPU setup:     super-cluster 2x2x2 / cluster 8
SIMD instructions:   AVX2_256
CPU FFT library:     fftw-3.3.8-sse2-avx
GPU FFT library:     cuFFT
Multi-GPU FFT:       none
RDTSCP usage:        enabled
TNG support:         enabled
Hwloc support:       disabled
Tracing support:     disabled
C compiler:          /usr/bin/gcc-9 GNU 9.5.0
C compiler flags:    -fexcess-precision=fast -funroll-all-loops -mavx2 -mfma -Wno-missing-field-initializers -O3 -DNDEBUG
C++ compiler:        /usr/bin/c++ GNU 11.4.0
C++ compiler flags:  -fexcess-precision=fast -funroll-all-loops -mavx2 -mfma -Wno-missing-field-initializers -Wno-cast-function-type-strict -fopenmp -O3 -DNDEBUG
BLAS library:        External - detected on the system
LAPACK library:      External - detected on the system
CUDA compiler:       /usr/bin/nvcc nvcc: NVIDIA (R) Cuda compiler driver;Copyright (c) 2005-2021 NVIDIA Corporation;Built on Thu_Nov_18_09:45:30_PST_2021;Cuda compilation tools, release 11.5, V11.5.119;Build cuda_11.5.r11.5/compiler.30672275_0
CUDA compiler flags:-std=c++17;;-D_FORCE_INLINES;-Xcompiler;-fopenmp;-fexcess-precision=fast -funroll-all-loops -mavx2 -mfma -Wno-missing-field-initializers -Wno-cast-function-type-strict -fopenmp -O3 -DNDEBUG
CUDA driver:         12.70
CUDA runtime:        11.50


Running on 1 node with total 6 cores, 12 processing units, 1 compatible GPU
Hardware detected on host pop-os:
  CPU info:
    Vendor: Intel
    Brand:  11th Gen Intel(R) Core(TM) i5-11400H @ 2.70GHz
    Family: 6   Model: 141   Stepping: 1
    Features: aes apic avx avx2 avx512f avx512cd avx512bw avx512vl avx512secondFMA clfsh cmov cx8 cx16 f16c fma htt intel lahf mmx msr nonstop_tsc pcid pclmuldq pdcm pdpe1gb popcnt pse rdrnd rdtscp sha sse2 sse3 sse4.1 sse4.2 ssse3 tdt x2apic
    Number of AVX-512 FMA units: 1 (For Intel, AVX2 is faster w/o 2 AVX-512 FMA units)
  Hardware topology: Basic
    Packages, cores, and logical processors:
    [indices refer to OS logical processors]
      Package  0: [   0   6] [   1   7] [   2   8] [   3   9] [   4  10] [   5  11]
    CPU limit set by OS: -1   Recommended max number of threads: 12
  GPU info:
    Number of GPUs detected: 1
    #0: NVIDIA NVIDIA GeForce RTX 3050 Laptop GPU, compute cap.: 8.6, ECC:  no, stat: compatible


++++ PLEASE READ AND CITE THE FOLLOWING REFERENCE ++++
M. J. Abraham, T. Murtola, R. Schulz, S. Páll, J. C. Smith, B. Hess, E.
Lindahl
GROMACS: High performance molecular simulations through multi-level
parallelism from laptops to supercomputers
SoftwareX 1 (2015) pp. 19-25
-------- -------- --- Thank You --- -------- --------


++++ PLEASE READ AND CITE THE FOLLOWING REFERENCE ++++
S. Páll, M. J. Abraham, C. Kutzner, B. Hess, E. Lindahl
Tackling Exascale Software Challenges in Molecular Dynamics Simulations with
GROMACS
In S. Markidis & E. Laure (Eds.), Solving Software Challenges for Exascale 8759 (2015) pp. 3-27
-------- -------- --- Thank You --- -------- --------


++++ PLEASE READ AND CITE THE FOLLOWING REFERENCE ++++
S. Pronk, S. Páll, R. Schulz, P. Larsson, P. Bjelkmar, R. Apostolov, M. R.
Shirts, J. C. Smith, P. M. Kasson, D. van der Spoel, B. Hess, and E. Lindahl
GROMACS 4.5: a high-throughput and highly parallel open source molecular
simulation toolkit
Bioinformatics 29 (2013) pp. 845-54
-------- -------- --- Thank You --- -------- --------


++++ PLEASE READ AND CITE THE FOLLOWING REFERENCE ++++
B. Hess and C. Kutzner and D. van der Spoel and E. Lindahl
GROMACS 4: Algorithms for highly efficient, load-balanced, and scalable
molecular simulation
J. Chem. Theory Comput. 4 (2008) pp. 435-447
-------- -------- --- Thank You --- -------- --------


++++ PLEASE READ AND CITE THE FOLLOWING REFERENCE ++++
D. van der Spoel, E. Lindahl, B. Hess, G. Groenhof, A. E. Mark and H. J. C.
Berendsen
GROMACS: Fast, Flexible and Free
J. Comp. Chem. 26 (2005) pp. 1701-1719
-------- -------- --- Thank You --- -------- --------


++++ PLEASE READ AND CITE THE FOLLOWING REFERENCE ++++
E. Lindahl and B. Hess and D. van der Spoel
GROMACS 3.0: A package for molecular simulation and trajectory analysis
J. Mol. Mod. 7 (2001) pp. 306-317
-------- -------- --- Thank You --- -------- --------


++++ PLEASE READ AND CITE THE FOLLOWING REFERENCE ++++
H. J. C. Berendsen, D. van der Spoel and R. van Drunen
GROMACS: A message-passing parallel molecular dynamics implementation
Comp. Phys. Comm. 91 (1995) pp. 43-56
-------- -------- --- Thank You --- -------- --------


++++ PLEASE CITE THE DOI FOR THIS VERSION OF GROMACS ++++
https://doi.org/10.5281/zenodo.11148655
-------- -------- --- Thank You --- -------- --------

Input Parameters:
   integrator                     = md
   tinit                          = 0
   dt                             = 0.002
   nsteps                         = 1000000
   init-step                      = 0
   simulation-part                = 1
   mts                            = false
   mass-repartition-factor        = 1
   comm-mode                      = Linear
   nstcomm                        = 100
   bd-fric                        = 0
   ld-seed                        = -1312839434
   emtol                          = 10
   emstep                         = 0.01
   niter                          = 20
   fcstep                         = 0
   nstcgsteep                     = 1000
   nbfgscorr                      = 10
   rtpi                           = 0.05
   nstxout                        = 10000
   nstvout                        = 10000
   nstfout                        = 0
   nstlog                         = 10000
   nstcalcenergy                  = 100
   nstenergy                      = 10000
   nstxout-compressed             = 10000
   compressed-x-precision         = 1000
   cutoff-scheme                  = Verlet
   nstlist                        = 20
   pbc                            = xyz
   periodic-molecules             = false
   verlet-buffer-tolerance        = 0.005
   verlet-buffer-pressure-tolerance = 0.5
   rlist                          = 1.2
   coulombtype                    = PME
   coulomb-modifier               = Potential-shift
   rcoulomb-switch                = 0
   rcoulomb                       = 1.2
   epsilon-r                      = 1
   epsilon-rf                     = inf
   vdw-type                       = Cut-off
   vdw-modifier                   = Force-switch
   rvdw-switch                    = 1
   rvdw                           = 1.2
   DispCorr                       = No
   table-extension                = 1
   fourierspacing                 = 0.16
   fourier-nx                     = 52
   fourier-ny                     = 52
   fourier-nz                     = 16
   pme-order                      = 4
   ewald-rtol                     = 1e-05
   ewald-rtol-lj                  = 0.001
   lj-pme-comb-rule               = Geometric
   ewald-geometry                 = 3d
   epsilon-surface                = 0
   ensemble-temperature-setting   = constant
   ensemble-temperature           = 308
   tcoupl                         = V-rescale
   nsttcouple                     = 100
   nh-chain-length                = 0
   print-nose-hoover-chain-variables = false
   pcoupl                         = C-rescale
   pcoupltype                     = Semiisotropic
   nstpcouple                     = 100
   tau-p                          = 5
   compressibility (3x3):
      compressibility[    0]={ 0.00000e+00,  0.00000e+00,  0.00000e+00}
      compressibility[    1]={ 0.00000e+00,  0.00000e+00,  0.00000e+00}
      compressibility[    2]={ 0.00000e+00,  0.00000e+00,  4.50000e-05}
   ref-p (3x3):
      ref-p[    0]={ 0.00000e+00,  0.00000e+00,  0.00000e+00}
      ref-p[    1]={ 0.00000e+00,  0.00000e+00,  0.00000e+00}
      ref-p[    2]={ 0.00000e+00,  0.00000e+00,  1.00000e+00}
   refcoord-scaling               = No
   posres-com (3):
      posres-com[0]= 0.00000e+00
      posres-com[1]= 0.00000e+00
      posres-com[2]= 0.00000e+00
   posres-comB (3):
      posres-comB[0]= 0.00000e+00
      posres-comB[1]= 0.00000e+00
      posres-comB[2]= 0.00000e+00
   QMMM                           = false
qm-opts:
   ngQM                           = 0
   constraint-algorithm           = Lincs
   continuation                   = true
   Shake-SOR                      = false
   shake-tol                      = 0.0001
   lincs-order                    = 4
   lincs-iter                     = 2
   lincs-warnangle                = 30
   nwall                          = 0
   wall-type                      = 9-3
   wall-r-linpot                  = -1
   wall-atomtype[0]               = -1
   wall-atomtype[1]               = -1
   wall-density[0]                = 0
   wall-density[1]                = 0
   wall-ewald-zfac                = 3
   pull                           = false
   awh                            = false
   rotation                       = false
   interactiveMD                  = false
   disre                          = No
   disre-weighting                = Conservative
   disre-mixed                    = false
   dr-fc                          = 1000
   dr-tau                         = 0
   nstdisreout                    = 100
   orire-fc                       = 0
   orire-tau                      = 0
   nstorireout                    = 100
   free-energy                    = no
   cos-acceleration               = 0
   deform (3x3):
      deform[    0]={ 0.00000e+00,  0.00000e+00,  0.00000e+00}
      deform[    1]={ 0.00000e+00,  0.00000e+00,  0.00000e+00}
      deform[    2]={ 0.00000e+00,  0.00000e+00,  0.00000e+00}
   simulated-tempering            = false
   swapcoords                     = no
   userint1                       = 0
   userint2                       = 0
   userint3                       = 0
   userint4                       = 0
   userreal1                      = 0
   userreal2                      = 0
   userreal3                      = 0
   userreal4                      = 0
   applied-forces:
     electric-field:
       x:
         E0                       = 0
         omega                    = 0
         t0                       = 0
         sigma                    = 0
       y:
         E0                       = 0
         omega                    = 0
         t0                       = 0
         sigma                    = 0
       z:
         E0                       = 0
         omega                    = 0
         t0                       = 0
         sigma                    = 0
     density-guided-simulation:
       active                     = false
       group                      = protein
       similarity-measure         = inner-product
       atom-spreading-weight      = unity
       force-constant             = 1e+09
       gaussian-transform-spreading-width = 0.2
       gaussian-transform-spreading-range-in-multiples-of-width = 4
       reference-density-filename = reference.mrc
       nst                        = 1
       normalize-densities        = true
       adaptive-force-scaling     = false
       adaptive-force-scaling-time-constant = 4
       shift-vector               = 
       transformation-matrix      = 
     qmmm-cp2k:
       active                     = false
       qmgroup                    = System
       qmmethod                   = PBE
       qmfilenames                = 
       qmcharge                   = 0
       qmmultiplicity             = 1
     colvars:
       active                     = false
       configfile                 = 
       seed                       = -1
grpopts:
   nrdf:        7705
   ref-t:         308
   tau-t:           1
annealing:          No
annealing-npoints:           0
   acc:	           0           0           0
   nfreeze:           N           N           N
   energygrp-flags[  0]: 0


Changing rlist from 1.2 to 1.205 for non-bonded 8x4 atom kernels

Update groups can not be used for this system because atoms that are (in)directly constrained together are interdispersed with other atoms

1 GPU selected for this run.
Mapping of GPU IDs to the 2 GPU tasks in the 1 rank on this node:
  PP:0,PME:0
PP tasks will do (non-perturbed) short-ranged interactions on the GPU
PP task will update and constrain coordinates on the GPU
PME tasks will do all aspects on the GPU
Using 1 MPI thread
Using 6 OpenMP threads 

System total charge: 0.000
Will do PME sum in reciprocal space for electrostatic interactions.

++++ PLEASE READ AND CITE THE FOLLOWING REFERENCE ++++
U. Essmann, L. Perera, M. L. Berkowitz, T. Darden, H. Lee and L. G. Pedersen 
A smooth particle mesh Ewald method
J. Chem. Phys. 103 (1995) pp. 8577-8592
-------- -------- --- Thank You --- -------- --------

Using a Gaussian width (1/beta) of 0.384195 nm for Ewald
Potential shift: LJ r^-12: -2.648e-01 r^-6: -5.349e-01, Ewald -8.333e-06
Initialized non-bonded Coulomb Ewald tables, spacing: 1.02e-03 size: 1176

Generated table with 1102 data points for 1-4 COUL.
Tabscale = 500 points/nm
Generated table with 1102 data points for 1-4 LJ6.
Tabscale = 500 points/nm
Generated table with 1102 data points for 1-4 LJ12.
Tabscale = 500 points/nm


Using GPU 8x8 nonbonded short-range kernels

Using a 8x8 pair-list setup:
  updated every 20 steps, buffer 0.005 nm, rlist 1.205 nm
At tolerance 0.005 kJ/mol/ps per atom, equivalent classical 1x1 list would be:
  updated every 20 steps, buffer 0.081 nm, rlist 1.281 nm

The average pressure is off by at most 0.03 bar due to missing LJ interactions

Pinning threads with an auto-selected logical cpu stride of 2

Initializing LINear Constraint Solver

++++ PLEASE READ AND CITE THE FOLLOWING REFERENCE ++++
B. Hess and H. Bekker and H. J. C. Berendsen and J. G. E. M. Fraaije
LINCS: A Linear Constraint Solver for molecular simulations
J. Comp. Chem. 18 (1997) pp. 1463-1472
-------- -------- --- Thank You --- -------- --------

The number of constraints is 224

++++ PLEASE READ AND CITE THE FOLLOWING REFERENCE ++++
S. Miyamoto and P. A. Kollman
SETTLE: An Analytical Version of the SHAKE and RATTLE Algorithms for Rigid
Water Models
J. Comp. Chem. 13 (1992) pp. 952-962
-------- -------- --- Thank You --- -------- --------


++++ PLEASE READ AND CITE THE FOLLOWING REFERENCE ++++
G. Bussi, D. Donadio and M. Parrinello
Canonical sampling through velocity rescaling
J. Chem. Phys. 126 (2007) pp. 014101
-------- -------- --- Thank You --- -------- --------


++++ PLEASE READ AND CITE THE FOLLOWING REFERENCE ++++
M. Bernetti, G. Bussi
Pressure control using stochastic cell rescaling
J. Chem. Phys. 153 (2020) pp. 114107
-------- -------- --- Thank You --- -------- --------

There are: 3522 Atoms

Updating coordinates and applying constraints on the GPU.
Center of mass motion removal mode is Linear
We have the following groups for center of mass motion removal:
  0:  rest

Started mdrun on rank 0 Wed Aug  6 16:42:24 2025

           Step           Time
              0        0.00000

   Energies (kJ/mol)
        G96Bond       G96Angle    Proper Dih.  Improper Dih.          LJ-14
    8.86631e+02    1.32854e+03    9.11166e+02    1.88523e+02    3.29048e+01
     Coulomb-14        LJ (SR)   Coulomb (SR)   Coul. recip.      Potential
   -1.94927e+04    4.28652e+03   -2.98297e+04    3.02709e+02   -4.13855e+04
    Kinetic En.   Total Energy  Conserved En.    Temperature Pressure (bar)
    1.00792e+04   -3.13063e+04   -3.13066e+04    3.14664e+02   -1.07658e+01
   Constr. rmsd
    0.00000e+00

           Step           Time
          10000       20.00000

   Energies (kJ/mol)
        G96Bond       G96Angle    Proper Dih.  Improper Dih.          LJ-14
    9.33673e+02    1.27989e+03    9.82315e+02    2.20647e+02    6.30241e+01
     Coulomb-14        LJ (SR)   Coulomb (SR)   Coul. recip.      Potential
   -1.95117e+04    4.05265e+03   -2.94152e+04    3.11907e+02   -4.10828e+04
    Kinetic En.   Total Energy  Conserved En.    Temperature Pressure (bar)
    9.63495e+03   -3.14478e+04   -3.12715e+04    3.00796e+02   -6.38069e+01
   Constr. rmsd
    0.00000e+00

           Step           Time
          20000       40.00000

   Energies (kJ/mol)
        G96Bond       G96Angle    Proper Dih.  Improper Dih.          LJ-14
    8.48326e+02    1.35102e+03    9.22239e+02    2.14203e+02    1.39244e+02
     Coulomb-14        LJ (SR)   Coulomb (SR)   Coul. recip.      Potential
   -1.95123e+04    4.36634e+03   -3.00275e+04    3.28371e+02   -4.13701e+04
    Kinetic En.   Total Energy  Conserved En.    Temperature Pressure (bar)
    9.98770e+03   -3.13824e+04   -3.12126e+04    3.11809e+02    2.54537e+02
   Constr. rmsd
    0.00000e+00

step 29820: timed with pme grid 52 52 16, coulomb cutoff 1.200: 9.2 M-cycles
step 29820: the box size limits the PME load balancing to a coulomb cut-off of 1.200
              optimal pme grid 52 52 16, coulomb cutoff 1.200
           Step           Time
          30000       60.00000

   Energies (kJ/mol)
        G96Bond       G96Angle    Proper Dih.  Improper Dih.          LJ-14
    9.03421e+02    1.37897e+03    8.93427e+02    2.11029e+02    7.40385e+01
     Coulomb-14        LJ (SR)   Coulomb (SR)   Coul. recip.      Potential
   -1.95096e+04    4.43624e+03   -2.97939e+04    2.76278e+02   -4.11302e+04
    Kinetic En.   Total Energy  Conserved En.    Temperature Pressure (bar)
    9.99090e+03   -3.11392e+04   -3.11664e+04    3.11909e+02    2.83180e+02
   Constr. rmsd
    0.00000e+00

           Step           Time
          40000       80.00000

   Energies (kJ/mol)
        G96Bond       G96Angle    Proper Dih.  Improper Dih.          LJ-14
    8.81496e+02    1.29177e+03    9.34978e+02    2.36940e+02    2.45563e+01
     Coulomb-14        LJ (SR)   Coulomb (SR)   Coul. recip.      Potential
   -1.94567e+04    4.14792e+03   -2.99145e+04    3.01217e+02   -4.15523e+04
    Kinetic En.   Total Energy  Conserved En.    Temperature Pressure (bar)
    9.90480e+03   -3.16475e+04   -3.10797e+04    3.09221e+02   -2.46564e+02
   Constr. rmsd
    0.00000e+00

           Step           Time
          50000      100.00000

   Energies (kJ/mol)
        G96Bond       G96Angle    Proper Dih.  Improper Dih.          LJ-14
    1.02036e+03    1.42084e+03    8.97222e+02    2.06264e+02    8.51823e+01
     Coulomb-14        LJ (SR)   Coulomb (SR)   Coul. recip.      Potential
   -1.95689e+04    4.44421e+03   -3.01728e+04    2.85293e+02   -4.13823e+04
    Kinetic En.   Total Energy  Conserved En.    Temperature Pressure (bar)
    9.61340e+03   -3.17689e+04   -3.10527e+04    3.00124e+02    3.08193e+02
   Constr. rmsd
    0.00000e+00

           Step           Time
          60000      120.00000

   Energies (kJ/mol)
        G96Bond       G96Angle    Proper Dih.  Improper Dih.          LJ-14
    9.56954e+02    1.33810e+03    8.49945e+02    1.78318e+02    7.67178e+01
     Coulomb-14        LJ (SR)   Coulomb (SR)   Coul. recip.      Potential
   -1.93890e+04    4.30324e+03   -2.99495e+04    3.00936e+02   -4.13343e+04
    Kinetic En.   Total Energy  Conserved En.    Temperature Pressure (bar)
    9.97092e+03   -3.13633e+04   -3.10412e+04    3.11285e+02    2.00841e+02
   Constr. rmsd
    0.00000e+00

           Step           Time
          70000      140.00000

   Energies (kJ/mol)
        G96Bond       G96Angle    Proper Dih.  Improper Dih.          LJ-14
    9.40439e+02    1.29255e+03    9.03328e+02    1.90044e+02    7.34754e+01
     Coulomb-14        LJ (SR)   Coulomb (SR)   Coul. recip.      Potential
   -1.94171e+04    4.01732e+03   -2.99125e+04    2.90470e+02   -4.16219e+04
    Kinetic En.   Total Energy  Conserved En.    Temperature Pressure (bar)
    9.97278e+03   -3.16492e+04   -3.09569e+04    3.11343e+02    7.57886e+01
   Constr. rmsd
    0.00000e+00

           Step           Time
          80000      160.00000

   Energies (kJ/mol)
        G96Bond       G96Angle    Proper Dih.  Improper Dih.          LJ-14
    9.65642e+02    1.37922e+03    8.47978e+02    1.87353e+02    1.29768e+02
     Coulomb-14        LJ (SR)   Coulomb (SR)   Coul. recip.      Potential
   -1.94922e+04    4.56604e+03   -3.02042e+04    2.95301e+02   -4.13251e+04
    Kinetic En.   Total Energy  Conserved En.    Temperature Pressure (bar)
    9.65937e+03   -3.16657e+04   -3.09640e+04    3.01559e+02    1.84224e+02
   Constr. rmsd
    0.00000e+00

           Step           Time
          90000      180.00000

   Energies (kJ/mol)
        G96Bond       G96Angle    Proper Dih.  Improper Dih.          LJ-14
    9.07884e+02    1.37811e+03    9.32312e+02    2.24179e+02    6.68131e+01
     Coulomb-14        LJ (SR)   Coulomb (SR)   Coul. recip.      Potential
   -1.94761e+04    4.16924e+03   -2.99594e+04    3.13420e+02   -4.14436e+04
    Kinetic En.   Total Energy  Conserved En.    Temperature Pressure (bar)
    9.65366e+03   -3.17899e+04   -3.08885e+04    3.01381e+02   -2.34745e+02
   Constr. rmsd
    0.00000e+00

           Step           Time
         100000      200.00000

   Energies (kJ/mol)
        G96Bond       G96Angle    Proper Dih.  Improper Dih.          LJ-14
    8.18119e+02    1.34451e+03    8.88664e+02    1.73158e+02    9.10847e+01
     Coulomb-14        LJ (SR)   Coulomb (SR)   Coul. recip.      Potential
   -1.94419e+04    3.72924e+03   -2.96663e+04    3.19963e+02   -4.17435e+04
    Kinetic En.   Total Energy  Conserved En.    Temperature Pressure (bar)
    9.98855e+03   -3.17550e+04   -3.09132e+04    3.11835e+02   -9.15643e+01
   Constr. rmsd
    0.00000e+00

           Step           Time
         110000      220.00000

   Energies (kJ/mol)
        G96Bond       G96Angle    Proper Dih.  Improper Dih.          LJ-14
    8.70387e+02    1.28776e+03    8.82586e+02    2.07626e+02    7.90294e+01
     Coulomb-14        LJ (SR)   Coulomb (SR)   Coul. recip.      Potential
   -1.93434e+04    4.32775e+03   -3.03031e+04    3.01721e+02   -4.16897e+04
    Kinetic En.   Total Energy  Conserved En.    Temperature Pressure (bar)
    9.75703e+03   -3.19327e+04   -3.08281e+04    3.04608e+02    3.77569e+01
   Constr. rmsd
    0.00000e+00

           Step           Time
         120000      240.00000

   Energies (kJ/mol)
        G96Bond       G96Angle    Proper Dih.  Improper Dih.          LJ-14
    8.80110e+02    1.43950e+03    8.85033e+02    2.04944e+02    5.47190e+01
     Coulomb-14        LJ (SR)   Coulomb (SR)   Coul. recip.      Potential
   -1.93871e+04    4.33454e+03   -3.06200e+04    3.14715e+02   -4.18936e+04
    Kinetic En.   Total Energy  Conserved En.    Temperature Pressure (bar)
    9.98643e+03   -3.19071e+04   -3.08009e+04    3.11769e+02    1.90237e+02
   Constr. rmsd
    0.00000e+00

           Step           Time
         130000      260.00000

   Energies (kJ/mol)
        G96Bond       G96Angle    Proper Dih.  Improper Dih.          LJ-14
    8.60750e+02    1.34537e+03    9.03051e+02    1.79796e+02    8.56590e+01
     Coulomb-14        LJ (SR)   Coulomb (SR)   Coul. recip.      Potential
   -1.95289e+04    4.13249e+03   -2.96082e+04    2.81072e+02   -4.13489e+04
    Kinetic En.   Total Energy  Conserved En.    Temperature Pressure (bar)
    9.61497e+03   -3.17339e+04   -3.07232e+04    3.00173e+02   -7.07291e+01
   Constr. rmsd
    0.00000e+00

           Step           Time
         140000      280.00000

   Energies (kJ/mol)
        G96Bond       G96Angle    Proper Dih.  Improper Dih.          LJ-14
    9.46076e+02    1.27263e+03    8.80699e+02    2.06982e+02    7.86604e+01
     Coulomb-14        LJ (SR)   Coulomb (SR)   Coul. recip.      Potential
   -1.94946e+04    3.96826e+03   -2.97554e+04    2.79830e+02   -4.16168e+04
    Kinetic En.   Total Energy  Conserved En.    Temperature Pressure (bar)
    9.74247e+03   -3.18743e+04   -3.07389e+04    3.04153e+02    5.43836e+01
   Constr. rmsd
    0.00000e+00

           Step           Time
         150000      300.00000

   Energies (kJ/mol)
        G96Bond       G96Angle    Proper Dih.  Improper Dih.          LJ-14
    8.74237e+02    1.36988e+03    9.20173e+02    2.01677e+02    5.28688e+01
     Coulomb-14        LJ (SR)   Coulomb (SR)   Coul. recip.      Potential
   -1.94188e+04    4.04940e+03   -2.94086e+04    3.19869e+02   -4.10392e+04
    Kinetic En.   Total Energy  Conserved En.    Temperature Pressure (bar)
    9.83941e+03   -3.11998e+04   -3.07139e+04    3.07180e+02   -7.55936e+01
   Constr. rmsd
    0.00000e+00

           Step           Time
         160000      320.00000

   Energies (kJ/mol)
        G96Bond       G96Angle    Proper Dih.  Improper Dih.          LJ-14
    8.86156e+02    1.31600e+03    9.20915e+02    2.25527e+02    9.46578e+01
     Coulomb-14        LJ (SR)   Coulomb (SR)   Coul. recip.      Potential
   -1.95954e+04    4.08817e+03   -2.97626e+04    2.97441e+02   -4.15291e+04
    Kinetic En.   Total Energy  Conserved En.    Temperature Pressure (bar)
    9.92206e+03   -3.16070e+04   -3.06688e+04    3.09760e+02   -8.07036e+01
   Constr. rmsd
    0.00000e+00

           Step           Time
         170000      340.00000

   Energies (kJ/mol)
        G96Bond       G96Angle    Proper Dih.  Improper Dih.          LJ-14
    8.70911e+02    1.26622e+03    8.44176e+02    2.01039e+02    1.21116e+02
     Coulomb-14        LJ (SR)   Coulomb (SR)   Coul. recip.      Potential
   -1.95846e+04    4.42567e+03   -2.98719e+04    3.09734e+02   -4.14176e+04
    Kinetic En.   Total Energy  Conserved En.    Temperature Pressure (bar)
    1.00949e+04   -3.13227e+04   -3.05603e+04    3.15157e+02    1.48064e+02
   Constr. rmsd
    0.00000e+00

           Step           Time
         180000      360.00000

   Energies (kJ/mol)
        G96Bond       G96Angle    Proper Dih.  Improper Dih.          LJ-14
    8.33709e+02    1.32722e+03    9.18083e+02    1.80798e+02    8.98715e+01
     Coulomb-14        LJ (SR)   Coulomb (SR)   Coul. recip.      Potential
   -1.96223e+04    4.30673e+03   -3.01218e+04    2.89754e+02   -4.17979e+04
    Kinetic En.   Total Energy  Conserved En.    Temperature Pressure (bar)
    9.88013e+03   -3.19178e+04   -3.05179e+04    3.08451e+02    2.69194e+02
   Constr. rmsd
    0.00000e+00

           Step           Time
         190000      380.00000

   Energies (kJ/mol)
        G96Bond       G96Angle    Proper Dih.  Improper Dih.          LJ-14
    9.10987e+02    1.35320e+03    8.93543e+02    2.22059e+02    6.27536e+01
     Coulomb-14        LJ (SR)   Coulomb (SR)   Coul. recip.      Potential
   -1.94770e+04    4.27000e+03   -2.99408e+04    2.73901e+02   -4.14314e+04
    Kinetic En.   Total Energy  Conserved En.    Temperature Pressure (bar)
    1.00254e+04   -3.14060e+04   -3.04710e+04    3.12985e+02   -4.04330e+01
   Constr. rmsd
    0.00000e+00

           Step           Time
         200000      400.00000

   Energies (kJ/mol)
        G96Bond       G96Angle    Proper Dih.  Improper Dih.          LJ-14
    9.08276e+02    1.26795e+03    8.97726e+02    2.22769e+02    8.18263e+01
     Coulomb-14        LJ (SR)   Coulomb (SR)   Coul. recip.      Potential
   -1.96402e+04    4.34334e+03   -2.97678e+04    3.10576e+02   -4.13756e+04
    Kinetic En.   Total Energy  Conserved En.    Temperature Pressure (bar)
    1.00939e+04   -3.12817e+04   -3.04310e+04    3.15124e+02    8.47807e+01
   Constr. rmsd
    0.00000e+00

           Step           Time
         210000      420.00000

   Energies (kJ/mol)
        G96Bond       G96Angle    Proper Dih.  Improper Dih.          LJ-14
    9.51749e+02    1.40396e+03    8.69880e+02    2.22763e+02    7.73124e+01
     Coulomb-14        LJ (SR)   Coulomb (SR)   Coul. recip.      Potential
   -1.95411e+04    4.07164e+03   -2.96496e+04    2.72989e+02   -4.13204e+04
    Kinetic En.   Total Energy  Conserved En.    Temperature Pressure (bar)
    9.59696e+03   -3.17234e+04   -3.02505e+04    2.99610e+02   -2.04880e+02
   Constr. rmsd
    0.00000e+00

           Step           Time
         220000      440.00000

   Energies (kJ/mol)
        G96Bond       G96Angle    Proper Dih.  Improper Dih.          LJ-14
    8.59448e+02    1.44678e+03    8.82175e+02    2.29480e+02    2.70293e+01
     Coulomb-14        LJ (SR)   Coulomb (SR)   Coul. recip.      Potential
   -1.95105e+04    4.18865e+03   -3.01404e+04    3.04276e+02   -4.17131e+04
    Kinetic En.   Total Energy  Conserved En.    Temperature Pressure (bar)
    9.99165e+03   -3.17215e+04   -3.01544e+04    3.11932e+02   -2.24009e+02
   Constr. rmsd
    0.00000e+00

           Step           Time
         230000      460.00000

   Energies (kJ/mol)
        G96Bond       G96Angle    Proper Dih.  Improper Dih.          LJ-14
    9.15768e+02    1.26065e+03    8.96046e+02    1.92991e+02    8.82597e+01
     Coulomb-14        LJ (SR)   Coulomb (SR)   Coul. recip.      Potential
   -1.95272e+04    4.62416e+03   -3.07623e+04    3.09297e+02   -4.20023e+04
    Kinetic En.   Total Energy  Conserved En.    Temperature Pressure (bar)
    9.70666e+03   -3.22957e+04   -3.01341e+04    3.03035e+02    1.35619e+02
   Constr. rmsd
    0.00000e+00

           Step           Time
         240000      480.00000

   Energies (kJ/mol)
        G96Bond       G96Angle    Proper Dih.  Improper Dih.          LJ-14
    8.31450e+02    1.27750e+03    8.81814e+02    1.83941e+02    8.41996e+01
     Coulomb-14        LJ (SR)   Coulomb (SR)   Coul. recip.      Potential
   -1.95191e+04    4.28955e+03   -3.01496e+04    3.02527e+02   -4.18176e+04
    Kinetic En.   Total Energy  Conserved En.    Temperature Pressure (bar)
    9.86228e+03   -3.19553e+04   -3.00973e+04    3.07894e+02    1.34332e+02
   Constr. rmsd
    0.00000e+00

           Step           Time
         250000      500.00000

   Energies (kJ/mol)
        G96Bond       G96Angle    Proper Dih.  Improper Dih.          LJ-14
    9.08404e+02    1.38950e+03    7.95391e+02    2.03203e+02    1.02724e+02
     Coulomb-14        LJ (SR)   Coulomb (SR)   Coul. recip.      Potential
   -1.95598e+04    4.38242e+03   -3.00540e+04    2.90750e+02   -4.15414e+04
    Kinetic En.   Total Energy  Conserved En.    Temperature Pressure (bar)
    9.79483e+03   -3.17466e+04   -3.00681e+04    3.05788e+02    1.59772e+01
   Constr. rmsd
    0.00000e+00

           Step           Time
         260000      520.00000

   Energies (kJ/mol)
        G96Bond       G96Angle    Proper Dih.  Improper Dih.          LJ-14
    8.79196e+02    1.38191e+03    9.20257e+02    2.28297e+02    8.29742e+01
     Coulomb-14        LJ (SR)   Coulomb (SR)   Coul. recip.      Potential
   -1.95655e+04    4.14982e+03   -2.97875e+04    2.99588e+02   -4.14109e+04
    Kinetic En.   Total Energy  Conserved En.    Temperature Pressure (bar)
    1.00645e+04   -3.13464e+04   -2.99822e+04    3.14206e+02   -8.86753e+01
   Constr. rmsd
    0.00000e+00

           Step           Time
         270000      540.00000

   Energies (kJ/mol)
        G96Bond       G96Angle    Proper Dih.  Improper Dih.          LJ-14
    8.54462e+02    1.30823e+03    8.94946e+02    2.03173e+02    4.43533e+01
     Coulomb-14        LJ (SR)   Coulomb (SR)   Coul. recip.      Potential
   -1.94891e+04    4.52360e+03   -3.01291e+04    3.02240e+02   -4.14872e+04
    Kinetic En.   Total Energy  Conserved En.    Temperature Pressure (bar)
    9.70747e+03   -3.17797e+04   -2.99040e+04    3.03061e+02    8.91384e+01
   Constr. rmsd
    0.00000e+00

           Step           Time
         280000      560.00000

   Energies (kJ/mol)
        G96Bond       G96Angle    Proper Dih.  Improper Dih.          LJ-14
    9.24047e+02    1.32683e+03    8.73052e+02    1.91338e+02    1.02915e+02
     Coulomb-14        LJ (SR)   Coulomb (SR)   Coul. recip.      Potential
   -1.95736e+04    4.19817e+03   -2.99167e+04    3.34887e+02   -4.15390e+04
    Kinetic En.   Total Energy  Conserved En.    Temperature Pressure (bar)
    1.00030e+04   -3.15360e+04   -2.98574e+04    3.12286e+02   -9.98584e+01
   Constr. rmsd
    0.00000e+00

           Step           Time
         290000      580.00000

   Energies (kJ/mol)
        G96Bond       G96Angle    Proper Dih.  Improper Dih.          LJ-14
    8.43616e+02    1.26986e+03    9.13338e+02    1.80240e+02    3.48982e+01
     Coulomb-14        LJ (SR)   Coulomb (SR)   Coul. recip.      Potential
   -1.95181e+04    4.55890e+03   -3.06312e+04    2.69374e+02   -4.20791e+04
    Kinetic En.   Total Energy  Conserved En.    Temperature Pressure (bar)
    9.66546e+03   -3.24136e+04   -2.97770e+04    3.01749e+02    4.37231e+00
   Constr. rmsd
    0.00000e+00

           Step           Time
         300000      600.00000

   Energies (kJ/mol)
        G96Bond       G96Angle    Proper Dih.  Improper Dih.          LJ-14
    9.16372e+02    1.34795e+03    8.89492e+02    1.75305e+02    7.72815e+01
     Coulomb-14        LJ (SR)   Coulomb (SR)   Coul. recip.      Potential
   -1.95373e+04    4.36243e+03   -2.99048e+04    2.86352e+02   -4.13869e+04
    Kinetic En.   Total Energy  Conserved En.    Temperature Pressure (bar)
    9.63987e+03   -3.17471e+04   -2.97793e+04    3.00950e+02    2.17086e+02
   Constr. rmsd
    0.00000e+00

           Step           Time
         310000      620.00000

   Energies (kJ/mol)
        G96Bond       G96Angle    Proper Dih.  Improper Dih.          LJ-14
    8.74988e+02    1.28664e+03    9.23375e+02    2.21714e+02    5.32936e+01
     Coulomb-14        LJ (SR)   Coulomb (SR)   Coul. recip.      Potential
   -1.95543e+04    4.09047e+03   -2.98273e+04    2.73630e+02   -4.16575e+04
    Kinetic En.   Total Energy  Conserved En.    Temperature Pressure (bar)
    9.79016e+03   -3.18674e+04   -2.96740e+04    3.05642e+02   -1.20912e+02
   Constr. rmsd
    0.00000e+00

           Step           Time
         320000      640.00000

   Energies (kJ/mol)
        G96Bond       G96Angle    Proper Dih.  Improper Dih.          LJ-14
    8.53245e+02    1.32909e+03    8.53774e+02    1.69342e+02    6.28099e+01
     Coulomb-14        LJ (SR)   Coulomb (SR)   Coul. recip.      Potential
   -1.96025e+04    3.70611e+03   -2.87437e+04    3.02934e+02   -4.10689e+04
    Kinetic En.   Total Energy  Conserved En.    Temperature Pressure (bar)
    9.85925e+03   -3.12097e+04   -2.96158e+04    3.07799e+02   -1.03913e+02
   Constr. rmsd
    0.00000e+00

           Step           Time
         330000      660.00000

   Energies (kJ/mol)
        G96Bond       G96Angle    Proper Dih.  Improper Dih.          LJ-14
    8.80454e+02    1.37074e+03    8.05870e+02    1.76336e+02    7.99711e+01
     Coulomb-14        LJ (SR)   Coulomb (SR)   Coul. recip.      Potential
   -1.95256e+04    3.95183e+03   -2.94905e+04    3.05583e+02   -4.14453e+04
    Kinetic En.   Total Energy  Conserved En.    Temperature Pressure (bar)
    9.73371e+03   -3.17116e+04   -2.95679e+04    3.03879e+02   -2.24317e+02
   Constr. rmsd
    0.00000e+00

           Step           Time
         340000      680.00000

   Energies (kJ/mol)
        G96Bond       G96Angle    Proper Dih.  Improper Dih.          LJ-14
    8.60762e+02    1.35491e+03    9.04206e+02    2.04462e+02    4.81566e+01
     Coulomb-14        LJ (SR)   Coulomb (SR)   Coul. recip.      Potential
   -1.94376e+04    4.12682e+03   -2.99932e+04    2.81099e+02   -4.16504e+04
    Kinetic En.   Total Energy  Conserved En.    Temperature Pressure (bar)
    9.91522e+03   -3.17351e+04   -2.95526e+04    3.09546e+02   -7.47272e+01
   Constr. rmsd
    0.00000e+00

           Step           Time
         350000      700.00000

   Energies (kJ/mol)
        G96Bond       G96Angle    Proper Dih.  Improper Dih.          LJ-14
    8.57909e+02    1.37545e+03    9.21952e+02    2.08869e+02    8.84167e+01
     Coulomb-14        LJ (SR)   Coulomb (SR)   Coul. recip.      Potential
   -1.95194e+04    4.38728e+03   -3.02458e+04    2.86758e+02   -4.16386e+04
    Kinetic En.   Total Energy  Conserved En.    Temperature Pressure (bar)
    9.87491e+03   -3.17637e+04   -2.95210e+04    3.08288e+02    8.27067e+01
   Constr. rmsd
    0.00000e+00

           Step           Time
         360000      720.00000

   Energies (kJ/mol)
        G96Bond       G96Angle    Proper Dih.  Improper Dih.          LJ-14
    8.30940e+02    1.33491e+03    9.05944e+02    2.16075e+02    9.90857e+01
     Coulomb-14        LJ (SR)   Coulomb (SR)   Coul. recip.      Potential
   -1.95412e+04    4.16908e+03   -2.99047e+04    2.87631e+02   -4.16023e+04
    Kinetic En.   Total Energy  Conserved En.    Temperature Pressure (bar)
    9.65237e+03   -3.19499e+04   -2.95176e+04    3.01340e+02   -7.61728e+01
   Constr. rmsd
    0.00000e+00

           Step           Time
         370000      740.00000

   Energies (kJ/mol)
        G96Bond       G96Angle    Proper Dih.  Improper Dih.          LJ-14
    9.54945e+02    1.28019e+03    8.70594e+02    2.41616e+02    8.00745e+01
     Coulomb-14        LJ (SR)   Coulomb (SR)   Coul. recip.      Potential
   -1.95550e+04    4.24107e+03   -3.01030e+04    2.91308e+02   -4.16982e+04
    Kinetic En.   Total Energy  Conserved En.    Temperature Pressure (bar)
    9.90508e+03   -3.17931e+04   -2.94951e+04    3.09230e+02   -1.66546e+02
   Constr. rmsd
    0.00000e+00

           Step           Time
         380000      760.00000

   Energies (kJ/mol)
        G96Bond       G96Angle    Proper Dih.  Improper Dih.          LJ-14
    8.25371e+02    1.30419e+03    8.91543e+02    2.02993e+02    7.96461e+01
     Coulomb-14        LJ (SR)   Coulomb (SR)   Coul. recip.      Potential
   -1.95672e+04    4.42516e+03   -3.02514e+04    3.35264e+02   -4.17544e+04
    Kinetic En.   Total Energy  Conserved En.    Temperature Pressure (bar)
    9.93282e+03   -3.18216e+04   -2.93788e+04    3.10096e+02    1.93817e+02
   Constr. rmsd
    0.00000e+00

           Step           Time
         390000      780.00000

   Energies (kJ/mol)
        G96Bond       G96Angle    Proper Dih.  Improper Dih.          LJ-14
    9.18290e+02    1.28024e+03    8.58333e+02    1.85524e+02    8.39756e+01
     Coulomb-14        LJ (SR)   Coulomb (SR)   Coul. recip.      Potential
   -1.94960e+04    3.84618e+03   -2.92159e+04    3.04907e+02   -4.12345e+04
    Kinetic En.   Total Energy  Conserved En.    Temperature Pressure (bar)
    9.99492e+03   -3.12396e+04   -2.92667e+04    3.12034e+02   -1.88756e+02
   Constr. rmsd
    0.00000e+00

           Step           Time
         400000      800.00000

   Energies (kJ/mol)
        G96Bond       G96Angle    Proper Dih.  Improper Dih.          LJ-14
    9.38156e+02    1.23308e+03    8.65022e+02    1.99314e+02    1.33781e+02
     Coulomb-14        LJ (SR)   Coulomb (SR)   Coul. recip.      Potential
   -1.96108e+04    4.00854e+03   -2.93615e+04    3.15059e+02   -4.12793e+04
    Kinetic En.   Total Energy  Conserved En.    Temperature Pressure (bar)
    9.70166e+03   -3.15777e+04   -2.92078e+04    3.02879e+02    8.33855e+01
   Constr. rmsd
    0.00000e+00

           Step           Time
         410000      820.00000

   Energies (kJ/mol)
        G96Bond       G96Angle    Proper Dih.  Improper Dih.          LJ-14
    8.87280e+02    1.29198e+03    9.56397e+02    1.96311e+02    1.01135e+02
     Coulomb-14        LJ (SR)   Coulomb (SR)   Coul. recip.      Potential
   -1.95589e+04    4.20768e+03   -2.97600e+04    2.69822e+02   -4.14083e+04
    Kinetic En.   Total Energy  Conserved En.    Temperature Pressure (bar)
    9.63423e+03   -3.17741e+04   -2.91248e+04    3.00774e+02   -2.50979e+01
   Constr. rmsd
    0.00000e+00

           Step           Time
         420000      840.00000

   Energies (kJ/mol)
        G96Bond       G96Angle    Proper Dih.  Improper Dih.          LJ-14
    7.81114e+02    1.31965e+03    9.30771e+02    1.95144e+02    6.01604e+01
     Coulomb-14        LJ (SR)   Coulomb (SR)   Coul. recip.      Potential
   -1.94876e+04    4.47751e+03   -3.02775e+04    2.77627e+02   -4.17232e+04
    Kinetic En.   Total Energy  Conserved En.    Temperature Pressure (bar)
    1.00242e+04   -3.16990e+04   -2.90752e+04    3.12949e+02    2.93090e+02
   Constr. rmsd
    0.00000e+00

           Step           Time
         430000      860.00000

   Energies (kJ/mol)
        G96Bond       G96Angle    Proper Dih.  Improper Dih.          LJ-14
    8.32807e+02    1.34346e+03    8.73332e+02    1.87698e+02    5.60659e+01
     Coulomb-14        LJ (SR)   Coulomb (SR)   Coul. recip.      Potential
   -1.95564e+04    4.20009e+03   -3.00017e+04    2.98840e+02   -4.17658e+04
    Kinetic En.   Total Energy  Conserved En.    Temperature Pressure (bar)
    1.01708e+04   -3.15950e+04   -2.89876e+04    3.17525e+02    1.48715e+02
   Constr. rmsd
    0.00000e+00

           Step           Time
         440000      880.00000

   Energies (kJ/mol)
        G96Bond       G96Angle    Proper Dih.  Improper Dih.          LJ-14
    9.13458e+02    1.34457e+03    8.54849e+02    2.13910e+02    9.64995e+01
     Coulomb-14        LJ (SR)   Coulomb (SR)   Coul. recip.      Potential
   -1.95385e+04    4.08631e+03   -3.00172e+04    2.89676e+02   -4.17564e+04
    Kinetic En.   Total Energy  Conserved En.    Temperature Pressure (bar)
    1.00097e+04   -3.17468e+04   -2.89085e+04    3.12495e+02   -1.43814e+02
   Constr. rmsd
    0.00000e+00

           Step           Time
         450000      900.00000

   Energies (kJ/mol)
        G96Bond       G96Angle    Proper Dih.  Improper Dih.          LJ-14
    9.06245e+02    1.33249e+03    8.51417e+02    2.05042e+02    8.93379e+01
     Coulomb-14        LJ (SR)   Coulomb (SR)   Coul. recip.      Potential
   -1.96066e+04    4.15458e+03   -2.98864e+04    2.83597e+02   -4.16703e+04
    Kinetic En.   Total Energy  Conserved En.    Temperature Pressure (bar)
    9.97372e+03   -3.16966e+04   -2.88762e+04    3.11372e+02   -3.24655e+01
   Constr. rmsd
    0.00000e+00

           Step           Time
         460000      920.00000

   Energies (kJ/mol)
        G96Bond       G96Angle    Proper Dih.  Improper Dih.          LJ-14
    8.47481e+02    1.33358e+03    8.78675e+02    1.88003e+02    8.13491e+01
     Coulomb-14        LJ (SR)   Coulomb (SR)   Coul. recip.      Potential
   -1.94396e+04    4.27877e+03   -3.04652e+04    2.76529e+02   -4.20204e+04
    Kinetic En.   Total Energy  Conserved En.    Temperature Pressure (bar)
    9.99316e+03   -3.20273e+04   -2.87615e+04    3.11979e+02    2.95248e+02
   Constr. rmsd
    0.00000e+00

           Step           Time
         470000      940.00000

   Energies (kJ/mol)
        G96Bond       G96Angle    Proper Dih.  Improper Dih.          LJ-14
    9.03400e+02    1.30405e+03    8.69675e+02    2.29511e+02    7.47501e+01
     Coulomb-14        LJ (SR)   Coulomb (SR)   Coul. recip.      Potential
   -1.95597e+04    4.17305e+03   -2.97431e+04    2.98342e+02   -4.14500e+04
    Kinetic En.   Total Energy  Conserved En.    Temperature Pressure (bar)
    9.83143e+03   -3.16186e+04   -2.87778e+04    3.06930e+02   -2.24367e+02
   Constr. rmsd
    0.00000e+00

           Step           Time
         480000      960.00000

   Energies (kJ/mol)
        G96Bond       G96Angle    Proper Dih.  Improper Dih.          LJ-14
    9.52797e+02    1.21480e+03    9.27310e+02    2.05283e+02    1.09194e+02
     Coulomb-14        LJ (SR)   Coulomb (SR)   Coul. recip.      Potential
   -1.96140e+04    3.96889e+03   -2.98044e+04    3.03387e+02   -4.17368e+04
    Kinetic En.   Total Energy  Conserved En.    Temperature Pressure (bar)
    9.81426e+03   -3.19225e+04   -2.87100e+04    3.06394e+02   -1.53034e+01
   Constr. rmsd
    0.00000e+00

           Step           Time
         490000      980.00000

   Energies (kJ/mol)
        G96Bond       G96Angle    Proper Dih.  Improper Dih.          LJ-14
    8.83830e+02    1.37443e+03    9.00321e+02    1.63962e+02    1.25656e+02
     Coulomb-14        LJ (SR)   Coulomb (SR)   Coul. recip.      Potential
   -1.95411e+04    3.94069e+03   -2.98001e+04    3.23899e+02   -4.16285e+04
    Kinetic En.   Total Energy  Conserved En.    Temperature Pressure (bar)
    9.48784e+03   -3.21406e+04   -2.86889e+04    2.96204e+02   -1.68108e+02
   Constr. rmsd
    0.00000e+00

           Step           Time
         500000     1000.00000

   Energies (kJ/mol)
        G96Bond       G96Angle    Proper Dih.  Improper Dih.          LJ-14
    8.41805e+02    1.20496e+03    8.82806e+02    1.93702e+02    1.03596e+02
     Coulomb-14        LJ (SR)   Coulomb (SR)   Coul. recip.      Potential
   -1.95571e+04    4.52955e+03   -3.04340e+04    3.20814e+02   -4.19139e+04
    Kinetic En.   Total Energy  Conserved En.    Temperature Pressure (bar)
    1.00314e+04   -3.18825e+04   -2.86326e+04    3.13174e+02    2.66218e+02
   Constr. rmsd
    0.00000e+00

           Step           Time
         510000     1020.00000

   Energies (kJ/mol)
        G96Bond       G96Angle    Proper Dih.  Improper Dih.          LJ-14
    8.92271e+02    1.38658e+03    8.21774e+02    2.09996e+02   -3.57295e+00
     Coulomb-14        LJ (SR)   Coulomb (SR)   Coul. recip.      Potential
   -1.94160e+04    4.05375e+03   -2.98012e+04    2.74749e+02   -4.15817e+04
    Kinetic En.   Total Energy  Conserved En.    Temperature Pressure (bar)
    1.00502e+04   -3.15315e+04   -2.86695e+04    3.13760e+02   -2.77337e+02
   Constr. rmsd
    0.00000e+00

           Step           Time
         520000     1040.00000

   Energies (kJ/mol)
        G96Bond       G96Angle    Proper Dih.  Improper Dih.          LJ-14
    9.34067e+02    1.28792e+03    8.74746e+02    1.91851e+02    1.23696e+02
     Coulomb-14        LJ (SR)   Coulomb (SR)   Coul. recip.      Potential
   -1.96000e+04    4.05105e+03   -2.95871e+04    3.11750e+02   -4.14121e+04
    Kinetic En.   Total Energy  Conserved En.    Temperature Pressure (bar)
    1.00264e+04   -3.13857e+04   -2.85326e+04    3.13017e+02   -1.61980e+02
   Constr. rmsd
    0.00000e+00

           Step           Time
         530000     1060.00000

   Energies (kJ/mol)
        G96Bond       G96Angle    Proper Dih.  Improper Dih.          LJ-14
    8.23792e+02    1.25749e+03    8.41926e+02    1.96484e+02    1.10453e+02
     Coulomb-14        LJ (SR)   Coulomb (SR)   Coul. recip.      Potential
   -1.95098e+04    4.53415e+03   -3.06174e+04    2.82399e+02   -4.20805e+04
    Kinetic En.   Total Energy  Conserved En.    Temperature Pressure (bar)
    9.99995e+03   -3.20806e+04   -2.84285e+04    3.12191e+02    1.11830e+02
   Constr. rmsd
    0.00000e+00

           Step           Time
         540000     1080.00000

   Energies (kJ/mol)
        G96Bond       G96Angle    Proper Dih.  Improper Dih.          LJ-14
    8.81782e+02    1.25280e+03    8.62075e+02    2.18945e+02    7.92742e+01
     Coulomb-14        LJ (SR)   Coulomb (SR)   Coul. recip.      Potential
   -1.96695e+04    4.42394e+03   -3.01435e+04    2.57499e+02   -4.18367e+04
    Kinetic En.   Total Energy  Conserved En.    Temperature Pressure (bar)
    1.00950e+04   -3.17417e+04   -2.83150e+04    3.15158e+02    2.20324e+02
   Constr. rmsd
    0.00000e+00

           Step           Time
         550000     1100.00000

   Energies (kJ/mol)
        G96Bond       G96Angle    Proper Dih.  Improper Dih.          LJ-14
    9.19209e+02    1.32184e+03    8.72549e+02    2.20491e+02    8.15668e+01
     Coulomb-14        LJ (SR)   Coulomb (SR)   Coul. recip.      Potential
   -1.95686e+04    4.08056e+03   -3.00597e+04    3.04667e+02   -4.18274e+04
    Kinetic En.   Total Energy  Conserved En.    Temperature Pressure (bar)
    9.97514e+03   -3.18523e+04   -2.82752e+04    3.11417e+02    3.99044e+01
   Constr. rmsd
    0.00000e+00

           Step           Time
         560000     1120.00000

   Energies (kJ/mol)
        G96Bond       G96Angle    Proper Dih.  Improper Dih.          LJ-14
    8.83400e+02    1.28834e+03    8.98875e+02    2.15520e+02    8.93409e+01
     Coulomb-14        LJ (SR)   Coulomb (SR)   Coul. recip.      Potential
   -1.95515e+04    4.34082e+03   -3.01392e+04    2.88792e+02   -4.16856e+04
    Kinetic En.   Total Energy  Conserved En.    Temperature Pressure (bar)
    1.00261e+04   -3.16595e+04   -2.81689e+04    3.13009e+02    7.81977e+01
   Constr. rmsd
    0.00000e+00

           Step           Time
         570000     1140.00000

   Energies (kJ/mol)
        G96Bond       G96Angle    Proper Dih.  Improper Dih.          LJ-14
    9.35803e+02    1.31859e+03    9.07259e+02    2.59451e+02    1.05811e+02
     Coulomb-14        LJ (SR)   Coulomb (SR)   Coul. recip.      Potential
   -1.96534e+04    4.09182e+03   -2.95739e+04    2.82432e+02   -4.13261e+04
    Kinetic En.   Total Energy  Conserved En.    Temperature Pressure (bar)
    9.77183e+03   -3.15543e+04   -2.81421e+04    3.05070e+02   -5.71682e+01
   Constr. rmsd
    0.00000e+00

           Step           Time
         580000     1160.00000

   Energies (kJ/mol)
        G96Bond       G96Angle    Proper Dih.  Improper Dih.          LJ-14
    8.23602e+02    1.27259e+03    9.32738e+02    1.92715e+02    3.99707e+01
     Coulomb-14        LJ (SR)   Coulomb (SR)   Coul. recip.      Potential
   -1.95759e+04    4.34126e+03   -3.01170e+04    2.56566e+02   -4.18335e+04
    Kinetic En.   Total Energy  Conserved En.    Temperature Pressure (bar)
    9.76619e+03   -3.20673e+04   -2.81471e+04    3.04893e+02    9.62363e+01
   Constr. rmsd
    0.00000e+00

           Step           Time
         590000     1180.00000

   Energies (kJ/mol)
        G96Bond       G96Angle    Proper Dih.  Improper Dih.          LJ-14
    8.60970e+02    1.20449e+03    8.64507e+02    2.30747e+02    6.12831e+01
     Coulomb-14        LJ (SR)   Coulomb (SR)   Coul. recip.      Potential
   -1.95101e+04    4.07545e+03   -2.99773e+04    2.90750e+02   -4.18992e+04
    Kinetic En.   Total Energy  Conserved En.    Temperature Pressure (bar)
    9.91338e+03   -3.19858e+04   -2.80665e+04    3.09489e+02   -2.35336e+02
   Constr. rmsd
    0.00000e+00

           Step           Time
         600000     1200.00000

   Energies (kJ/mol)
        G96Bond       G96Angle    Proper Dih.  Improper Dih.          LJ-14
    9.73616e+02    1.27346e+03    8.37966e+02    2.11389e+02    1.19024e+02
     Coulomb-14        LJ (SR)   Coulomb (SR)   Coul. recip.      Potential
   -1.95954e+04    3.88689e+03   -2.95339e+04    2.54681e+02   -4.15723e+04
    Kinetic En.   Total Energy  Conserved En.    Temperature Pressure (bar)
    9.69475e+03   -3.18775e+04   -2.80180e+04    3.02663e+02   -1.32255e+02
   Constr. rmsd
    0.00000e+00

           Step           Time
         610000     1220.00000

   Energies (kJ/mol)
        G96Bond       G96Angle    Proper Dih.  Improper Dih.          LJ-14
    8.84945e+02    1.30557e+03    8.65383e+02    2.01572e+02    1.20157e+02
     Coulomb-14        LJ (SR)   Coulomb (SR)   Coul. recip.      Potential
   -1.96254e+04    4.31026e+03   -2.99572e+04    3.03129e+02   -4.15916e+04
    Kinetic En.   Total Energy  Conserved En.    Temperature Pressure (bar)
    9.80885e+03   -3.17827e+04   -2.80039e+04    3.06225e+02    2.18252e+02
   Constr. rmsd
    0.00000e+00

           Step           Time
         620000     1240.00000

   Energies (kJ/mol)
        G96Bond       G96Angle    Proper Dih.  Improper Dih.          LJ-14
    8.30589e+02    1.33286e+03    8.12402e+02    2.11938e+02    1.00073e+02
     Coulomb-14        LJ (SR)   Coulomb (SR)   Coul. recip.      Potential
   -1.96621e+04    4.23744e+03   -3.00835e+04    3.14445e+02   -4.19058e+04
    Kinetic En.   Total Energy  Conserved En.    Temperature Pressure (bar)
    9.80277e+03   -3.21031e+04   -2.78982e+04    3.06036e+02    1.76113e+01
   Constr. rmsd
    0.00000e+00

           Step           Time
         630000     1260.00000

   Energies (kJ/mol)
        G96Bond       G96Angle    Proper Dih.  Improper Dih.          LJ-14
    8.57170e+02    1.39526e+03    8.52994e+02    2.14193e+02    6.91721e+01
     Coulomb-14        LJ (SR)   Coulomb (SR)   Coul. recip.      Potential
   -1.95219e+04    4.24249e+03   -3.00093e+04    2.93826e+02   -4.16060e+04
    Kinetic En.   Total Energy  Conserved En.    Temperature Pressure (bar)
    9.94145e+03   -3.16646e+04   -2.78121e+04    3.10365e+02   -3.36577e+01
   Constr. rmsd
    0.00000e+00

           Step           Time
         640000     1280.00000

   Energies (kJ/mol)
        G96Bond       G96Angle    Proper Dih.  Improper Dih.          LJ-14
    9.19262e+02    1.25631e+03    8.92671e+02    2.07574e+02    3.31062e+01
     Coulomb-14        LJ (SR)   Coulomb (SR)   Coul. recip.      Potential
   -1.95855e+04    4.43574e+03   -3.02468e+04    2.80488e+02   -4.18072e+04
    Kinetic En.   Total Energy  Conserved En.    Temperature Pressure (bar)
    1.01220e+04   -3.16851e+04   -2.78212e+04    3.16002e+02    4.93617e+01
   Constr. rmsd
    0.00000e+00

           Step           Time
         650000     1300.00000

   Energies (kJ/mol)
        G96Bond       G96Angle    Proper Dih.  Improper Dih.          LJ-14
    8.18314e+02    1.30031e+03    8.87599e+02    1.98917e+02    9.54154e+01
     Coulomb-14        LJ (SR)   Coulomb (SR)   Coul. recip.      Potential
   -1.94987e+04    4.28215e+03   -3.03505e+04    2.67100e+02   -4.19994e+04
    Kinetic En.   Total Energy  Conserved En.    Temperature Pressure (bar)
    9.71761e+03   -3.22818e+04   -2.77958e+04    3.03377e+02   -3.05751e+01
   Constr. rmsd
    0.00000e+00

           Step           Time
         660000     1320.00000

   Energies (kJ/mol)
        G96Bond       G96Angle    Proper Dih.  Improper Dih.          LJ-14
    8.09397e+02    1.44939e+03    8.84866e+02    2.20164e+02    1.13770e+02
     Coulomb-14        LJ (SR)   Coulomb (SR)   Coul. recip.      Potential
   -1.96199e+04    4.12276e+03   -2.97456e+04    2.85770e+02   -4.14794e+04
    Kinetic En.   Total Energy  Conserved En.    Temperature Pressure (bar)
    9.91526e+03   -3.15641e+04   -2.76853e+04    3.09547e+02    1.90531e+02
   Constr. rmsd
    0.00000e+00

           Step           Time
         670000     1340.00000

   Energies (kJ/mol)
        G96Bond       G96Angle    Proper Dih.  Improper Dih.          LJ-14
    8.52468e+02    1.30661e+03    8.65934e+02    2.48623e+02    6.89601e+01
     Coulomb-14        LJ (SR)   Coulomb (SR)   Coul. recip.      Potential
   -1.95779e+04    4.04960e+03   -2.97514e+04    2.89266e+02   -4.16479e+04
    Kinetic En.   Total Energy  Conserved En.    Temperature Pressure (bar)
    9.81969e+03   -3.18282e+04   -2.76301e+04    3.06564e+02   -1.45501e+02
   Constr. rmsd
    0.00000e+00

           Step           Time
         680000     1360.00000

   Energies (kJ/mol)
        G96Bond       G96Angle    Proper Dih.  Improper Dih.          LJ-14
    8.91423e+02    1.42338e+03    9.15777e+02    2.13763e+02    5.16991e+01
     Coulomb-14        LJ (SR)   Coulomb (SR)   Coul. recip.      Potential
   -1.96046e+04    3.98915e+03   -2.97753e+04    2.51878e+02   -4.16428e+04
    Kinetic En.   Total Energy  Conserved En.    Temperature Pressure (bar)
    9.80053e+03   -3.18423e+04   -2.75382e+04    3.05966e+02   -3.65959e+02
   Constr. rmsd
    0.00000e+00

           Step           Time
         690000     1380.00000

   Energies (kJ/mol)
        G96Bond       G96Angle    Proper Dih.  Improper Dih.          LJ-14
    8.73615e+02    1.39127e+03    8.75304e+02    1.81954e+02    5.99202e+01
     Coulomb-14        LJ (SR)   Coulomb (SR)   Coul. recip.      Potential
   -1.94915e+04    4.24627e+03   -3.03484e+04    2.96656e+02   -4.19150e+04
    Kinetic En.   Total Energy  Conserved En.    Temperature Pressure (bar)
    9.79366e+03   -3.21213e+04   -2.74431e+04    3.05751e+02   -1.26175e+02
   Constr. rmsd
    0.00000e+00

           Step           Time
         700000     1400.00000

   Energies (kJ/mol)
        G96Bond       G96Angle    Proper Dih.  Improper Dih.          LJ-14
    9.24522e+02    1.32015e+03    9.65872e+02    1.87250e+02    7.00512e+01
     Coulomb-14        LJ (SR)   Coulomb (SR)   Coul. recip.      Potential
   -1.95414e+04    4.11291e+03   -2.97480e+04    2.96735e+02   -4.14119e+04
    Kinetic En.   Total Energy  Conserved En.    Temperature Pressure (bar)
    9.77066e+03   -3.16413e+04   -2.73061e+04    3.05033e+02   -2.06044e+02
   Constr. rmsd
    0.00000e+00

           Step           Time
         710000     1420.00000

   Energies (kJ/mol)
        G96Bond       G96Angle    Proper Dih.  Improper Dih.          LJ-14
    9.10483e+02    1.31002e+03    8.93321e+02    2.17638e+02    1.06632e+02
     Coulomb-14        LJ (SR)   Coulomb (SR)   Coul. recip.      Potential
   -1.97258e+04    3.99734e+03   -2.99955e+04    2.76131e+02   -4.20098e+04
    Kinetic En.   Total Energy  Conserved En.    Temperature Pressure (bar)
    9.56803e+03   -3.24418e+04   -2.72136e+04    2.98707e+02    7.11305e+01
   Constr. rmsd
    0.00000e+00

           Step           Time
         720000     1440.00000

   Energies (kJ/mol)
        G96Bond       G96Angle    Proper Dih.  Improper Dih.          LJ-14
    8.48592e+02    1.38194e+03    9.60663e+02    2.00677e+02    1.14546e+02
     Coulomb-14        LJ (SR)   Coulomb (SR)   Coul. recip.      Potential
   -1.95423e+04    4.21793e+03   -3.00457e+04    3.26891e+02   -4.15367e+04
    Kinetic En.   Total Energy  Conserved En.    Temperature Pressure (bar)
    9.74001e+03   -3.17967e+04   -2.71997e+04    3.04076e+02   -4.11547e+01
   Constr. rmsd
    0.00000e+00

           Step           Time
         730000     1460.00000

   Energies (kJ/mol)
        G96Bond       G96Angle    Proper Dih.  Improper Dih.          LJ-14
    9.30176e+02    1.42723e+03    9.52332e+02    2.13562e+02    3.11936e+01
     Coulomb-14        LJ (SR)   Coulomb (SR)   Coul. recip.      Potential
   -1.94802e+04    4.37229e+03   -3.05244e+04    2.95019e+02   -4.17829e+04
    Kinetic En.   Total Energy  Conserved En.    Temperature Pressure (bar)
    9.98606e+03   -3.17968e+04   -2.71203e+04    3.11758e+02   -1.82711e+02
   Constr. rmsd
    0.00000e+00

           Step           Time
         740000     1480.00000

   Energies (kJ/mol)
        G96Bond       G96Angle    Proper Dih.  Improper Dih.          LJ-14
    9.00251e+02    1.37634e+03    9.18424e+02    2.13738e+02    8.33619e+01
     Coulomb-14        LJ (SR)   Coulomb (SR)   Coul. recip.      Potential
   -1.96275e+04    3.82155e+03   -2.95667e+04    3.07043e+02   -4.15735e+04
    Kinetic En.   Total Energy  Conserved En.    Temperature Pressure (bar)
    9.97104e+03   -3.16025e+04   -2.70949e+04    3.11289e+02    1.38527e+02
   Constr. rmsd
    0.00000e+00

           Step           Time
         750000     1500.00000

   Energies (kJ/mol)
        G96Bond       G96Angle    Proper Dih.  Improper Dih.          LJ-14
    9.16247e+02    1.41116e+03    9.08757e+02    1.99868e+02    5.40536e+01
     Coulomb-14        LJ (SR)   Coulomb (SR)   Coul. recip.      Potential
   -1.94668e+04    4.08444e+03   -2.99104e+04    2.74189e+02   -4.15286e+04
    Kinetic En.   Total Energy  Conserved En.    Temperature Pressure (bar)
    9.81742e+03   -3.17111e+04   -2.70911e+04    3.06493e+02    1.44331e+02
   Constr. rmsd
    0.00000e+00

           Step           Time
         760000     1520.00000

   Energies (kJ/mol)
        G96Bond       G96Angle    Proper Dih.  Improper Dih.          LJ-14
    8.43989e+02    1.16685e+03    8.78396e+02    1.92679e+02    9.85561e+01
     Coulomb-14        LJ (SR)   Coulomb (SR)   Coul. recip.      Potential
   -1.95428e+04    4.13503e+03   -2.98879e+04    2.75133e+02   -4.18401e+04
    Kinetic En.   Total Energy  Conserved En.    Temperature Pressure (bar)
    9.89476e+03   -3.19454e+04   -2.70901e+04    3.08907e+02   -8.88767e+01
   Constr. rmsd
    0.00000e+00

           Step           Time
         770000     1540.00000

   Energies (kJ/mol)
        G96Bond       G96Angle    Proper Dih.  Improper Dih.          LJ-14
    8.33997e+02    1.34379e+03    9.16892e+02    1.77362e+02    6.99798e+01
     Coulomb-14        LJ (SR)   Coulomb (SR)   Coul. recip.      Potential
   -1.94600e+04    4.10195e+03   -2.99969e+04    3.05064e+02   -4.17079e+04
    Kinetic En.   Total Energy  Conserved En.    Temperature Pressure (bar)
    9.86517e+03   -3.18427e+04   -2.70500e+04    3.07984e+02   -1.30448e+02
   Constr. rmsd
    0.00000e+00

           Step           Time
         780000     1560.00000

   Energies (kJ/mol)
        G96Bond       G96Angle    Proper Dih.  Improper Dih.          LJ-14
    9.28926e+02    1.38267e+03    8.09109e+02    2.14642e+02    1.21925e+02
     Coulomb-14        LJ (SR)   Coulomb (SR)   Coul. recip.      Potential
   -1.96307e+04    4.22264e+03   -3.00428e+04    3.02669e+02   -4.16909e+04
    Kinetic En.   Total Energy  Conserved En.    Temperature Pressure (bar)
    9.73979e+03   -3.19511e+04   -2.69081e+04    3.04070e+02    1.25179e+02
   Constr. rmsd
    0.00000e+00

           Step           Time
         790000     1580.00000

   Energies (kJ/mol)
        G96Bond       G96Angle    Proper Dih.  Improper Dih.          LJ-14
    8.83365e+02    1.29292e+03    8.79737e+02    2.59898e+02    7.41884e+01
     Coulomb-14        LJ (SR)   Coulomb (SR)   Coul. recip.      Potential
   -1.95066e+04    4.33726e+03   -3.01971e+04    3.02719e+02   -4.16736e+04
    Kinetic En.   Total Energy  Conserved En.    Temperature Pressure (bar)
    9.79534e+03   -3.18783e+04   -2.68087e+04    3.05804e+02    1.90304e+02
   Constr. rmsd
    0.00000e+00

           Step           Time
         800000     1600.00000

   Energies (kJ/mol)
        G96Bond       G96Angle    Proper Dih.  Improper Dih.          LJ-14
    9.09924e+02    1.35209e+03    8.65607e+02    2.29578e+02    3.14470e+01
     Coulomb-14        LJ (SR)   Coulomb (SR)   Coul. recip.      Potential
   -1.96083e+04    4.44084e+03   -3.04570e+04    2.97968e+02   -4.19378e+04
    Kinetic En.   Total Energy  Conserved En.    Temperature Pressure (bar)
    9.96225e+03   -3.19755e+04   -2.66990e+04    3.11014e+02    2.11858e+02
   Constr. rmsd
    0.00000e+00

           Step           Time
         810000     1620.00000

   Energies (kJ/mol)
        G96Bond       G96Angle    Proper Dih.  Improper Dih.          LJ-14
    8.42800e+02    1.30005e+03    9.06125e+02    2.37594e+02    9.58060e+01
     Coulomb-14        LJ (SR)   Coulomb (SR)   Coul. recip.      Potential
   -1.95940e+04    4.14097e+03   -3.05231e+04    3.06870e+02   -4.22869e+04
    Kinetic En.   Total Energy  Conserved En.    Temperature Pressure (bar)
    9.78170e+03   -3.25052e+04   -2.66835e+04    3.05378e+02    3.18248e+01
   Constr. rmsd
    0.00000e+00

           Step           Time
         820000     1640.00000

   Energies (kJ/mol)
        G96Bond       G96Angle    Proper Dih.  Improper Dih.          LJ-14
    8.64652e+02    1.28106e+03    8.65757e+02    2.28071e+02    9.36802e+01
     Coulomb-14        LJ (SR)   Coulomb (SR)   Coul. recip.      Potential
   -1.96083e+04    3.96121e+03   -2.99217e+04    2.86569e+02   -4.19490e+04
    Kinetic En.   Total Energy  Conserved En.    Temperature Pressure (bar)
    9.87811e+03   -3.20709e+04   -2.66144e+04    3.08388e+02   -2.25998e+02
   Constr. rmsd
    0.00000e+00

           Step           Time
         830000     1660.00000

   Energies (kJ/mol)
        G96Bond       G96Angle    Proper Dih.  Improper Dih.          LJ-14
    9.11511e+02    1.39515e+03    8.91163e+02    2.00155e+02    6.28326e+01
     Coulomb-14        LJ (SR)   Coulomb (SR)   Coul. recip.      Potential
   -1.95998e+04    3.84276e+03   -3.01291e+04    2.82615e+02   -4.21427e+04
    Kinetic En.   Total Energy  Conserved En.    Temperature Pressure (bar)
    9.90754e+03   -3.22352e+04   -2.65871e+04    3.09307e+02   -1.73042e+02
   Constr. rmsd
    0.00000e+00

           Step           Time
         840000     1680.00000

   Energies (kJ/mol)
        G96Bond       G96Angle    Proper Dih.  Improper Dih.          LJ-14
    8.38256e+02    1.32067e+03    9.02817e+02    1.95703e+02    4.20970e+01
     Coulomb-14        LJ (SR)   Coulomb (SR)   Coul. recip.      Potential
   -1.94653e+04    4.00636e+03   -2.95139e+04    2.80976e+02   -4.13923e+04
    Kinetic En.   Total Energy  Conserved En.    Temperature Pressure (bar)
    9.88516e+03   -3.15071e+04   -2.65761e+04    3.08608e+02    3.44659e+01
   Constr. rmsd
    0.00000e+00

           Step           Time
         850000     1700.00000

   Energies (kJ/mol)
        G96Bond       G96Angle    Proper Dih.  Improper Dih.          LJ-14
    7.76908e+02    1.38094e+03    9.26136e+02    1.94332e+02    3.24722e+01
     Coulomb-14        LJ (SR)   Coulomb (SR)   Coul. recip.      Potential
   -1.94180e+04    4.17580e+03   -3.03817e+04    2.87637e+02   -4.20255e+04
    Kinetic En.   Total Energy  Conserved En.    Temperature Pressure (bar)
    9.76650e+03   -3.22590e+04   -2.65924e+04    3.04903e+02    1.22459e+00
   Constr. rmsd
    0.00000e+00

           Step           Time
         860000     1720.00000

   Energies (kJ/mol)
        G96Bond       G96Angle    Proper Dih.  Improper Dih.          LJ-14
    9.08882e+02    1.28364e+03    8.70628e+02    2.15350e+02    1.08798e+02
     Coulomb-14        LJ (SR)   Coulomb (SR)   Coul. recip.      Potential
   -1.95208e+04    3.97942e+03   -2.95300e+04    2.59394e+02   -4.14247e+04
    Kinetic En.   Total Energy  Conserved En.    Temperature Pressure (bar)
    9.69520e+03   -3.17295e+04   -2.66069e+04    3.02677e+02   -7.35282e+01
   Constr. rmsd
    0.00000e+00

           Step           Time
         870000     1740.00000

   Energies (kJ/mol)
        G96Bond       G96Angle    Proper Dih.  Improper Dih.          LJ-14
    8.66349e+02    1.36108e+03    9.30879e+02    1.91469e+02    1.00786e+02
     Coulomb-14        LJ (SR)   Coulomb (SR)   Coul. recip.      Potential
   -1.95860e+04    4.28926e+03   -2.98297e+04    2.55279e+02   -4.14205e+04
    Kinetic En.   Total Energy  Conserved En.    Temperature Pressure (bar)
    9.72346e+03   -3.16971e+04   -2.65522e+04    3.03560e+02    2.18224e+02
   Constr. rmsd
    0.00000e+00

           Step           Time
         880000     1760.00000

   Energies (kJ/mol)
        G96Bond       G96Angle    Proper Dih.  Improper Dih.          LJ-14
    8.09684e+02    1.32624e+03    8.83081e+02    1.80600e+02    6.70215e+01
     Coulomb-14        LJ (SR)   Coulomb (SR)   Coul. recip.      Potential
   -1.94954e+04    4.47117e+03   -3.04001e+04    3.10706e+02   -4.18470e+04
    Kinetic En.   Total Energy  Conserved En.    Temperature Pressure (bar)
    1.01082e+04   -3.17388e+04   -2.64418e+04    3.15572e+02    1.69272e+01
   Constr. rmsd
    0.00000e+00

           Step           Time
         890000     1780.00000

   Energies (kJ/mol)
        G96Bond       G96Angle    Proper Dih.  Improper Dih.          LJ-14
    9.50018e+02    1.29243e+03    9.55409e+02    2.03306e+02    1.25561e+02
     Coulomb-14        LJ (SR)   Coulomb (SR)   Coul. recip.      Potential
   -1.94383e+04    3.89803e+03   -2.98515e+04    2.86999e+02   -4.15781e+04
    Kinetic En.   Total Energy  Conserved En.    Temperature Pressure (bar)
    9.90311e+03   -3.16750e+04   -2.63895e+04    3.09168e+02   -4.35836e+02
   Constr. rmsd
    0.00000e+00

           Step           Time
         900000     1800.00000

   Energies (kJ/mol)
        G96Bond       G96Angle    Proper Dih.  Improper Dih.          LJ-14
    8.31204e+02    1.35091e+03    9.41375e+02    2.16032e+02    3.76507e+01
     Coulomb-14        LJ (SR)   Coulomb (SR)   Coul. recip.      Potential
   -1.94160e+04    4.06239e+03   -3.01495e+04    2.75860e+02   -4.18501e+04
    Kinetic En.   Total Energy  Conserved En.    Temperature Pressure (bar)
    9.69452e+03   -3.21555e+04   -2.63649e+04    3.02656e+02    1.53836e+02
   Constr. rmsd
    0.00000e+00

           Step           Time
         910000     1820.00000

   Energies (kJ/mol)
        G96Bond       G96Angle    Proper Dih.  Improper Dih.          LJ-14
    8.82157e+02    1.37875e+03    8.97531e+02    2.44894e+02    8.48018e+01
     Coulomb-14        LJ (SR)   Coulomb (SR)   Coul. recip.      Potential
   -1.94931e+04    4.24383e+03   -3.05230e+04    2.92254e+02   -4.19919e+04
    Kinetic En.   Total Energy  Conserved En.    Temperature Pressure (bar)
    9.88916e+03   -3.21027e+04   -2.62798e+04    3.08733e+02    1.71029e+02
   Constr. rmsd
    0.00000e+00

           Step           Time
         920000     1840.00000

   Energies (kJ/mol)
        G96Bond       G96Angle    Proper Dih.  Improper Dih.          LJ-14
    8.89803e+02    1.35631e+03    8.67122e+02    1.98621e+02    1.22923e+02
     Coulomb-14        LJ (SR)   Coulomb (SR)   Coul. recip.      Potential
   -1.94644e+04    4.21975e+03   -2.97654e+04    2.94517e+02   -4.12808e+04
    Kinetic En.   Total Energy  Conserved En.    Temperature Pressure (bar)
    9.83367e+03   -3.14471e+04   -2.62611e+04    3.07000e+02    1.54501e+02
   Constr. rmsd
    0.00000e+00

           Step           Time
         930000     1860.00000

   Energies (kJ/mol)
        G96Bond       G96Angle    Proper Dih.  Improper Dih.          LJ-14
    8.89099e+02    1.36616e+03    9.34636e+02    1.87913e+02    9.36139e+01
     Coulomb-14        LJ (SR)   Coulomb (SR)   Coul. recip.      Potential
   -1.94269e+04    4.60247e+03   -3.06970e+04    3.32024e+02   -4.17180e+04
    Kinetic En.   Total Energy  Conserved En.    Temperature Pressure (bar)
    9.78390e+03   -3.19341e+04   -2.62642e+04    3.05447e+02    1.22507e+02
   Constr. rmsd
    0.00000e+00

           Step           Time
         940000     1880.00000

   Energies (kJ/mol)
        G96Bond       G96Angle    Proper Dih.  Improper Dih.          LJ-14
    8.06670e+02    1.31552e+03    8.51523e+02    1.75111e+02    5.13875e+01
     Coulomb-14        LJ (SR)   Coulomb (SR)   Coul. recip.      Potential
   -1.94697e+04    4.17456e+03   -2.98618e+04    2.73545e+02   -4.16832e+04
    Kinetic En.   Total Energy  Conserved En.    Temperature Pressure (bar)
    9.62292e+03   -3.20603e+04   -2.62157e+04    3.00421e+02   -1.28304e+02
   Constr. rmsd
    0.00000e+00

           Step           Time
         950000     1900.00000

   Energies (kJ/mol)
        G96Bond       G96Angle    Proper Dih.  Improper Dih.          LJ-14
    9.29834e+02    1.29721e+03    8.52509e+02    1.93482e+02    1.11628e+02
     Coulomb-14        LJ (SR)   Coulomb (SR)   Coul. recip.      Potential
   -1.95552e+04    4.13181e+03   -2.98500e+04    2.77843e+02   -4.16110e+04
    Kinetic En.   Total Energy  Conserved En.    Temperature Pressure (bar)
    9.77830e+03   -3.18327e+04   -2.61601e+04    3.05272e+02    2.44645e+02
   Constr. rmsd
    0.00000e+00

           Step           Time
         960000     1920.00000

   Energies (kJ/mol)
        G96Bond       G96Angle    Proper Dih.  Improper Dih.          LJ-14
    8.81930e+02    1.41756e+03    8.36578e+02    2.28896e+02    9.13284e+01
     Coulomb-14        LJ (SR)   Coulomb (SR)   Coul. recip.      Potential
   -1.95152e+04    4.03231e+03   -3.01937e+04    2.84239e+02   -4.19360e+04
    Kinetic En.   Total Energy  Conserved En.    Temperature Pressure (bar)
    1.01238e+04   -3.18122e+04   -2.61157e+04    3.16059e+02   -2.36853e+02
   Constr. rmsd
    0.00000e+00

           Step           Time
         970000     1940.00000

   Energies (kJ/mol)
        G96Bond       G96Angle    Proper Dih.  Improper Dih.          LJ-14
    9.34182e+02    1.30909e+03    8.73245e+02    1.94348e+02    1.00415e+02
     Coulomb-14        LJ (SR)   Coulomb (SR)   Coul. recip.      Potential
   -1.96793e+04    4.03389e+03   -2.96215e+04    2.42832e+02   -4.16128e+04
    Kinetic En.   Total Energy  Conserved En.    Temperature Pressure (bar)
    9.73772e+03   -3.18751e+04   -2.60929e+04    3.04005e+02   -2.27510e+02
   Constr. rmsd
    0.00000e+00

           Step           Time
         980000     1960.00000

   Energies (kJ/mol)
        G96Bond       G96Angle    Proper Dih.  Improper Dih.          LJ-14
    8.51859e+02    1.34368e+03    9.25263e+02    2.61875e+02    9.21033e+01
     Coulomb-14        LJ (SR)   Coulomb (SR)   Coul. recip.      Potential
   -1.96589e+04    4.26848e+03   -2.98441e+04    2.94603e+02   -4.14652e+04
    Kinetic En.   Total Energy  Conserved En.    Temperature Pressure (bar)
    9.89464e+03   -3.15705e+04   -2.60741e+04    3.08904e+02    1.10749e+02
   Constr. rmsd
    0.00000e+00

           Step           Time
         990000     1980.00000

   Energies (kJ/mol)
        G96Bond       G96Angle    Proper Dih.  Improper Dih.          LJ-14
    9.03104e+02    1.32188e+03    8.34186e+02    2.02074e+02    6.55426e+01
     Coulomb-14        LJ (SR)   Coulomb (SR)   Coul. recip.      Potential
   -1.95655e+04    4.20689e+03   -3.00084e+04    2.61636e+02   -4.17787e+04
    Kinetic En.   Total Energy  Conserved En.    Temperature Pressure (bar)
    9.74312e+03   -3.20355e+04   -2.60384e+04    3.04173e+02    1.66308e+01
   Constr. rmsd
    0.00000e+00

           Step           Time
        1000000     2000.00000

Writing checkpoint, step 1000000 at Wed Aug  6 16:45:16 2025


   Energies (kJ/mol)
        G96Bond       G96Angle    Proper Dih.  Improper Dih.          LJ-14
    9.30639e+02    1.41103e+03    9.04432e+02    2.10080e+02    9.40121e+01
     Coulomb-14        LJ (SR)   Coulomb (SR)   Coul. recip.      Potential
   -1.95863e+04    3.98396e+03   -3.00404e+04    2.93490e+02   -4.17990e+04
    Kinetic En.   Total Energy  Conserved En.    Temperature Pressure (bar)
    1.01403e+04   -3.16587e+04   -2.60005e+04    3.16573e+02   -2.78491e+02
   Constr. rmsd
    0.00000e+00


Energy conservation over simulation part #1 of length 2000 ps, time 0 to 2000 ps
  Conserved energy drift: 7.53e-04 kJ/mol/ps per atom


	<======  ###############  ==>
	<====  A V E R A G E S  ====>
	<==  ###############  ======>

	Statistics over 1000001 steps using 10001 frames

   Energies (kJ/mol)
        G96Bond       G96Angle    Proper Dih.  Improper Dih.          LJ-14
    8.85502e+02    1.33215e+03    8.87927e+02    2.04135e+02    7.71404e+01
     Coulomb-14        LJ (SR)   Coulomb (SR)   Coul. recip.      Potential
   -1.95284e+04    4.17512e+03   -2.99559e+04    2.92077e+02   -4.16303e+04
    Kinetic En.   Total Energy  Conserved En.    Temperature Pressure (bar)
    9.86744e+03   -3.17628e+04   -2.86003e+04    3.08054e+02   -1.08777e+01
   Constr. rmsd
    0.00000e+00

          Box-X          Box-Y          Box-Z
    8.00000e+00    8.00000e+00    2.08857e+00

   Total Virial (kJ/mol)
    3.29498e+03   -4.06341e+00   -2.34223e+00
   -4.06388e+00    3.28682e+03   -1.01132e+01
   -2.34209e+00   -1.01129e+01    3.42578e+03

   Pressure (bar)
    2.98122e-02   -4.66492e-01    8.00668e-01
   -4.66381e-01    2.98657e-01    3.14242e+00
    8.00629e-01    3.14235e+00   -3.29617e+01


       P P   -   P M E   L O A D   B A L A N C I N G

 NOTE: The PP/PME load balancing was limited by the box size,
       you might not have reached a good load balance.

 PP/PME load balancing changed the cut-off and PME settings:
           particle-particle                    PME
            rcoulomb  rlist            grid      spacing   1/beta
   initial  1.200 nm  1.205 nm      52  52  16   0.154 nm  0.384 nm
   final    1.200 nm  1.205 nm      52  52  16   0.154 nm  0.384 nm
 cost-ratio           1.00             1.00
 (note that these numbers concern only part of the total PP and PME load)


	M E G A - F L O P S   A C C O U N T I N G

 NB=Group-cutoff nonbonded kernels    NxN=N-by-N cluster Verlet kernels
 RF=Reaction-Field  VdW=Van der Waals  QSTab=quadratic-spline table
 W3=SPC/TIP3p  W4=TIP4p (single or pairs)
 V&F=Potential and force  V=Potential only  F=Force only

 Computing:                               M-Number         M-Flops  % Flops
-----------------------------------------------------------------------------
 Pair Search distance check           13729.921104      123569.290     0.1
 NxN Ewald Elec. + LJ [F]           2655743.891840   207148023.564    98.1
 NxN Ewald Elec. + LJ [V&F]           26828.465152     3460872.005     1.6
 1,4 nonbonded interactions             952.000952       85680.086     0.0
 Shift-X                                176.103522        1056.621     0.0
 Bonds                                  664.000664       39176.039     0.0
 Angles                                1126.001126      189168.189     0.1
 Propers                                650.000650      148850.149     0.1
 Impropers                              238.000238       49504.050     0.0
 Virial                                  35.673567         642.124     0.0
 Stop-CM                                 35.223522         352.235     0.0
 P-Coupling                              35.223522         211.341     0.0
 Calc-Ekin                               70.447044        1902.070     0.0
-----------------------------------------------------------------------------
 Total                                               211249007.762   100.0
-----------------------------------------------------------------------------


      R E A L   C Y C L E   A N D   T I M E   A C C O U N T I N G

On 1 MPI rank, each using 6 OpenMP threads

 Activity:              Num   Num      Call    Wall time         Giga-Cycles
                        Ranks Threads  Count      (s)         total sum    %
--------------------------------------------------------------------------------
 Neighbor search           1    6      50001      19.189        309.480  11.2
 Launch PP GPU ops.        1    6    1950001      23.748        383.021  13.8
 Force                     1    6    1000001      21.483        346.481  12.5
 PME GPU mesh              1    6    1000001      28.115        453.441  16.4
 Wait GPU NB local         1    6    1000001       0.855         13.789   0.5
 Wait GPU state copy       1    6    1140003      75.412       1216.265  43.9
 NB X/F buffer ops.        1    6      10001       0.041          0.661   0.0
 Write traj.               1    6        101       0.113          1.818   0.1
 Rest                                              2.993         48.278   1.7
--------------------------------------------------------------------------------
 Total                                           171.949       2773.233 100.0
--------------------------------------------------------------------------------
 Breakdown of PME mesh activities
--------------------------------------------------------------------------------
 Wait PME GPU gather       1    6    1000001       0.656         10.587   0.4
 Reduce GPU PME F          1    6    1000001       0.036          0.582   0.0
 Launch PME GPU ops.       1    6    9000009      26.675        430.217  15.5
--------------------------------------------------------------------------------

NOTE: 11 % of the run time was spent in pair search,
      you might want to increase nstlist (this has no effect on accuracy)

               Core t (s)   Wall t (s)        (%)
       Time:     1031.691      171.949      600.0
                 (ns/day)    (hour/ns)
Performance:     1004.952        0.024
Finished mdrun on rank 0 Wed Aug  6 16:45:16 2025

